<?xml version="1.0" encoding="UTF-8"?>
<!-- Generated by org.testng.reporters.JUnitReportReporter -->
<testsuite hostname="weredigo" name="org.lds.media.image.model.TestImage" tests="1" failures="0" timestamp="15 Oct 2013 11:10:05 GMT" time="0.104" errors="0">
  <testcase name="test" time="0.104" classname="org.lds.media.image.model.TestImage"/>
</testsuite> <!-- org.lds.media.image.model.TestImage -->
